<?xml version="1.0" encoding="UTF-8"?>
<beans xmlns="http://www.springframework.org/schema/beans"  
xmlns:xsi="http://www.w3.org/2001/XMLSchema-instance"
xsi:schemaLocation="http://www.springframework.org/schema/beans  
http://www.springframework.org/schema/beans/spring-beans.xsd">

	<!-- 스프링 컨테이너 내에 디자인한 객체 클래스를 등록 -->
	<bean id="test" class="basic.SpringTest" />
	
	<!-- Hotel 객체와 의존객체들의 빈 등록 및 의존성 주입 -->
	<bean id="chef" class="basic.ex01.Chef" />
	
	<!-- res 빈 생성 시 생성자의 매개값으로 chef빈 객체를 넣겠다. -->
	<!-- <bean id="res" class="basic.ex01.Restaurant">
		<constructor-arg ref="chef" />
	</bean> -->
	
	<!-- 
		property name="set을 제외한 setter메서드의 이름"
		setAa() -> property name="aa"
		객체 생성 후 setter를 이용해 값을 넣어준다.
	 -->
	<bean id="res" class="basic.ex01.Restaurant">
		<property name="chef" ref="chef" />
	</bean>
	
	<bean id="hotel" class="basic.ex01.Hotel">
		<constructor-arg ref="res" />
	</bean>

</beans>